Determining if the pthread_create exist failed with the following output:
Change Dir: /data/homes/klotz/opencmiss/examples/multiscale_muscle/build_debug/CMakeFiles/CMakeTmp

Run Build Command:"/usr/bin/make" "cmTC_5f563/fast"
/usr/bin/make -f CMakeFiles/cmTC_5f563.dir/build.make CMakeFiles/cmTC_5f563.dir/build
make[1]: Verzeichnis „/data/homes/klotz/opencmiss/examples/multiscale_muscle/build_debug/CMakeFiles/CMakeTmp“ wird betreten
Building C object CMakeFiles/cmTC_5f563.dir/CheckSymbolExists.c.o
/usr/bin/cc     -o CMakeFiles/cmTC_5f563.dir/CheckSymbolExists.c.o   -c /data/homes/klotz/opencmiss/examples/multiscale_muscle/build_debug/CMakeFiles/CMakeTmp/CheckSymbolExists.c
Linking C executable cmTC_5f563
/usr/bin/cmake -E cmake_link_script CMakeFiles/cmTC_5f563.dir/link.txt --verbose=1
/usr/bin/cc       CMakeFiles/cmTC_5f563.dir/CheckSymbolExists.c.o  -o cmTC_5f563 -rdynamic 
CMakeFiles/cmTC_5f563.dir/CheckSymbolExists.c.o: In Funktion `main':
CheckSymbolExists.c:(.text+0x16): Nicht definierter Verweis auf `pthread_create'
collect2: error: ld returned 1 exit status
CMakeFiles/cmTC_5f563.dir/build.make:97: die Regel für Ziel „cmTC_5f563“ scheiterte
make[1]: *** [cmTC_5f563] Fehler 1
make[1]: Verzeichnis „/data/homes/klotz/opencmiss/examples/multiscale_muscle/build_debug/CMakeFiles/CMakeTmp“ wird verlassen
Makefile:126: die Regel für Ziel „cmTC_5f563/fast“ scheiterte
make: *** [cmTC_5f563/fast] Fehler 2

File /data/homes/klotz/opencmiss/examples/multiscale_muscle/build_debug/CMakeFiles/CMakeTmp/CheckSymbolExists.c:
/* */
#include <pthread.h>

int main(int argc, char** argv)
{
  (void)argv;
#ifndef pthread_create
  return ((int*)(&pthread_create))[argc];
#else
  (void)argc;
  return 0;
#endif
}

Determining if the function pthread_create exists in the pthreads failed with the following output:
Change Dir: /data/homes/klotz/opencmiss/examples/multiscale_muscle/build_debug/CMakeFiles/CMakeTmp

Run Build Command:"/usr/bin/make" "cmTC_144a2/fast"
/usr/bin/make -f CMakeFiles/cmTC_144a2.dir/build.make CMakeFiles/cmTC_144a2.dir/build
make[1]: Verzeichnis „/data/homes/klotz/opencmiss/examples/multiscale_muscle/build_debug/CMakeFiles/CMakeTmp“ wird betreten
Building C object CMakeFiles/cmTC_144a2.dir/CheckFunctionExists.c.o
/usr/bin/cc    -DCHECK_FUNCTION_EXISTS=pthread_create   -o CMakeFiles/cmTC_144a2.dir/CheckFunctionExists.c.o   -c /usr/share/cmake-3.5/Modules/CheckFunctionExists.c
Linking C executable cmTC_144a2
/usr/bin/cmake -E cmake_link_script CMakeFiles/cmTC_144a2.dir/link.txt --verbose=1
/usr/bin/cc   -DCHECK_FUNCTION_EXISTS=pthread_create    CMakeFiles/cmTC_144a2.dir/CheckFunctionExists.c.o  -o cmTC_144a2 -rdynamic -lpthreads 
/usr/bin/ld: cannot find -lpthreads
collect2: error: ld returned 1 exit status
CMakeFiles/cmTC_144a2.dir/build.make:97: die Regel für Ziel „cmTC_144a2“ scheiterte
make[1]: *** [cmTC_144a2] Fehler 1
make[1]: Verzeichnis „/data/homes/klotz/opencmiss/examples/multiscale_muscle/build_debug/CMakeFiles/CMakeTmp“ wird verlassen
Makefile:126: die Regel für Ziel „cmTC_144a2/fast“ scheiterte
make: *** [cmTC_144a2/fast] Fehler 2


Determining if the pthread_create exist failed with the following output:
Change Dir: /data/homes/klotz/opencmiss/examples/multiscale_muscle_titin/build_debug/CMakeFiles/CMakeTmp

Run Build Command:"/usr/bin/make" "cmTC_a378c/fast"
/usr/bin/make -f CMakeFiles/cmTC_a378c.dir/build.make CMakeFiles/cmTC_a378c.dir/build
make[1]: Verzeichnis „/data/homes/klotz/opencmiss/examples/multiscale_muscle_titin/build_debug/CMakeFiles/CMakeTmp“ wird betreten
Building C object CMakeFiles/cmTC_a378c.dir/CheckSymbolExists.c.o
/usr/bin/cc     -o CMakeFiles/cmTC_a378c.dir/CheckSymbolExists.c.o   -c /data/homes/klotz/opencmiss/examples/multiscale_muscle_titin/build_debug/CMakeFiles/CMakeTmp/CheckSymbolExists.c
Linking C executable cmTC_a378c
/usr/bin/cmake -E cmake_link_script CMakeFiles/cmTC_a378c.dir/link.txt --verbose=1
/usr/bin/cc       CMakeFiles/cmTC_a378c.dir/CheckSymbolExists.c.o  -o cmTC_a378c -rdynamic 
CMakeFiles/cmTC_a378c.dir/CheckSymbolExists.c.o: In Funktion `main':
CheckSymbolExists.c:(.text+0x16): Nicht definierter Verweis auf `pthread_create'
collect2: error: ld returned 1 exit status
CMakeFiles/cmTC_a378c.dir/build.make:97: die Regel für Ziel „cmTC_a378c“ scheiterte
make[1]: *** [cmTC_a378c] Fehler 1
make[1]: Verzeichnis „/data/homes/klotz/opencmiss/examples/multiscale_muscle_titin/build_debug/CMakeFiles/CMakeTmp“ wird verlassen
Makefile:126: die Regel für Ziel „cmTC_a378c/fast“ scheiterte
make: *** [cmTC_a378c/fast] Fehler 2

File /data/homes/klotz/opencmiss/examples/multiscale_muscle_titin/build_debug/CMakeFiles/CMakeTmp/CheckSymbolExists.c:
/* */
#include <pthread.h>

int main(int argc, char** argv)
{
  (void)argv;
#ifndef pthread_create
  return ((int*)(&pthread_create))[argc];
#else
  (void)argc;
  return 0;
#endif
}

Determining if the function pthread_create exists in the pthreads failed with the following output:
Change Dir: /data/homes/klotz/opencmiss/examples/multiscale_muscle_titin/build_debug/CMakeFiles/CMakeTmp

Run Build Command:"/usr/bin/make" "cmTC_86a9e/fast"
/usr/bin/make -f CMakeFiles/cmTC_86a9e.dir/build.make CMakeFiles/cmTC_86a9e.dir/build
make[1]: Verzeichnis „/data/homes/klotz/opencmiss/examples/multiscale_muscle_titin/build_debug/CMakeFiles/CMakeTmp“ wird betreten
Building C object CMakeFiles/cmTC_86a9e.dir/CheckFunctionExists.c.o
/usr/bin/cc    -DCHECK_FUNCTION_EXISTS=pthread_create   -o CMakeFiles/cmTC_86a9e.dir/CheckFunctionExists.c.o   -c /usr/share/cmake-3.5/Modules/CheckFunctionExists.c
Linking C executable cmTC_86a9e
/usr/bin/cmake -E cmake_link_script CMakeFiles/cmTC_86a9e.dir/link.txt --verbose=1
/usr/bin/cc   -DCHECK_FUNCTION_EXISTS=pthread_create    CMakeFiles/cmTC_86a9e.dir/CheckFunctionExists.c.o  -o cmTC_86a9e -rdynamic -lpthreads 
/usr/bin/ld: cannot find -lpthreads
collect2: error: ld returned 1 exit status
CMakeFiles/cmTC_86a9e.dir/build.make:97: die Regel für Ziel „cmTC_86a9e“ scheiterte
make[1]: *** [cmTC_86a9e] Fehler 1
make[1]: Verzeichnis „/data/homes/klotz/opencmiss/examples/multiscale_muscle_titin/build_debug/CMakeFiles/CMakeTmp“ wird verlassen
Makefile:126: die Regel für Ziel „cmTC_86a9e/fast“ scheiterte
make: *** [cmTC_86a9e/fast] Fehler 2


